<?xml version="1.0" encoding="UTF-8"?>
<!-- Generated by org.testng.reporters.JUnitReportReporter -->
<testsuite skipped="0" hostname="DESKTOP-2RNFR37" name="com.opencart.testcases.TC_LoginTest_001" tests="1" failures="0" timestamp="2022-05-26T16:02:09 IST" time="72.972" errors="0">
  <testcase name="loginTest" time="72.972" classname="com.opencart.testcases.TC_LoginTest_001"/>
  <system-out/>
</testsuite> <!-- com.opencart.testcases.TC_LoginTest_001 -->
